<?xml version="1.0" encoding="UTF-8"?>
<testng-results ignored="0" total="2" passed="2" failed="0" skipped="0">
  <reporter-output>
    <line>
      <![CDATA[execution started]]>
    </line>
    <line>
      <![CDATA[both titles are matching]]>
    </line>
    <line>
      <![CDATA[execution completed]]>
    </line>
  </reporter-output>
  <suite started-at="2023-06-03T12:30:38 IST" name="Default suite" finished-at="2023-06-03T12:30:59 IST" duration-ms="20854">
    <groups>
    </groups>
    <test started-at="2023-06-03T12:30:38 IST" name="Default test" finished-at="2023-06-03T12:30:59 IST" duration-ms="20854">
      <class name="Tastcase.TC1_ActitimeLoginLogout">
        <test-method is-config="true" signature="executionStart()[pri:0, instance:Tastcase.TC1_ActitimeLoginLogout@57c758ac]" started-at="2023-06-03T12:30:38 IST" name="executionStart" finished-at="2023-06-03T12:30:38 IST" duration-ms="8" status="PASS">
          <reporter-output>
            <line>
              <![CDATA[execution started]]>
            </line>
          </reporter-output>
        </test-method> <!-- executionStart -->
        <test-method is-config="true" signature="setup()[pri:0, instance:Tastcase.TC1_ActitimeLoginLogout@57c758ac]" started-at="2023-06-03T12:30:38 IST" name="setup" finished-at="2023-06-03T12:30:50 IST" duration-ms="12331" status="PASS">
          <reporter-output>
          </reporter-output>
        </test-method> <!-- setup -->
        <test-method signature="loginlogout()[pri:0, instance:Tastcase.TC1_ActitimeLoginLogout@57c758ac]" started-at="2023-06-03T12:30:50 IST" name="loginlogout" finished-at="2023-06-03T12:30:57 IST" duration-ms="6790" status="PASS">
          <reporter-output>
            <line>
              <![CDATA[both titles are matching]]>
            </line>
          </reporter-output>
        </test-method> <!-- loginlogout -->
        <test-method signature="logout()[pri:1, instance:Tastcase.TC1_ActitimeLoginLogout@57c758ac]" started-at="2023-06-03T12:30:57 IST" name="logout" finished-at="2023-06-03T12:30:58 IST" duration-ms="1427" status="PASS">
          <reporter-output>
          </reporter-output>
        </test-method> <!-- logout -->
        <test-method is-config="true" signature="teardown()[pri:0, instance:Tastcase.TC1_ActitimeLoginLogout@57c758ac]" started-at="2023-06-03T12:30:58 IST" name="teardown" finished-at="2023-06-03T12:30:59 IST" duration-ms="265" status="PASS">
          <reporter-output>
          </reporter-output>
        </test-method> <!-- teardown -->
        <test-method is-config="true" signature="executionComplete()[pri:0, instance:Tastcase.TC1_ActitimeLoginLogout@57c758ac]" started-at="2023-06-03T12:30:59 IST" name="executionComplete" finished-at="2023-06-03T12:30:59 IST" duration-ms="0" status="PASS">
          <reporter-output>
            <line>
              <![CDATA[execution completed]]>
            </line>
          </reporter-output>
        </test-method> <!-- executionComplete -->
      </class> <!-- Tastcase.TC1_ActitimeLoginLogout -->
    </test> <!-- Default test -->
  </suite> <!-- Default suite -->
</testng-results>
