<?xml version="1.0" encoding="UTF-8"?>
<testng-results ignored="0" total="1" passed="1" failed="0" skipped="0">
  <reporter-output>
    <line>
      <![CDATA[suite executed start]]>
    </line>
    <line>
      <![CDATA[base executed]]>
    </line>
    <line>
      <![CDATA[suite executed complete]]>
    </line>
  </reporter-output>
  <suite started-at="2023-06-04T11:38:35 IST" name="Default suite" finished-at="2023-06-04T11:39:00 IST" duration-ms="25191">
    <groups>
    </groups>
    <test started-at="2023-06-04T11:38:35 IST" name="Default test" finished-at="2023-06-04T11:39:00 IST" duration-ms="25191">
      <class name="TEST.TC7Actitime">
        <test-method is-config="true" signature="tes1()[pri:0, instance:TEST.TC7Actitime@2667f029]" started-at="2023-06-04T11:38:35 IST" name="tes1" finished-at="2023-06-04T11:38:35 IST" duration-ms="7" status="PASS">
          <reporter-output>
            <line>
              <![CDATA[suite executed start]]>
            </line>
          </reporter-output>
        </test-method> <!-- tes1 -->
        <test-method is-config="true" signature="base()[pri:0, instance:TEST.TC7Actitime@2667f029]" started-at="2023-06-04T11:38:35 IST" name="base" finished-at="2023-06-04T11:38:50 IST" duration-ms="15156" status="PASS">
          <reporter-output>
          </reporter-output>
        </test-method> <!-- base -->
        <test-method signature="deleteleavetype()[pri:0, instance:TEST.TC7Actitime@2667f029]" started-at="2023-06-04T11:38:50 IST" name="deleteleavetype" finished-at="2023-06-04T11:39:00 IST" duration-ms="10002" status="PASS">
          <reporter-output>
          </reporter-output>
        </test-method> <!-- deleteleavetype -->
        <test-method is-config="true" signature="baselast()[pri:0, instance:TEST.TC7Actitime@2667f029]" started-at="2023-06-04T11:39:00 IST" name="baselast" finished-at="2023-06-04T11:39:00 IST" duration-ms="0" status="PASS">
          <reporter-output>
            <line>
              <![CDATA[base executed]]>
            </line>
          </reporter-output>
        </test-method> <!-- baselast -->
        <test-method is-config="true" signature="test2()[pri:0, instance:TEST.TC7Actitime@2667f029]" started-at="2023-06-04T11:39:00 IST" name="test2" finished-at="2023-06-04T11:39:00 IST" duration-ms="0" status="PASS">
          <reporter-output>
            <line>
              <![CDATA[suite executed complete]]>
            </line>
          </reporter-output>
        </test-method> <!-- test2 -->
      </class> <!-- TEST.TC7Actitime -->
    </test> <!-- Default test -->
  </suite> <!-- Default suite -->
</testng-results>
